CRITICAL - 2024-02-08 00:35:13 --> CodeIgniter\View\Exceptions\ViewException: Invalid file: "verVendedor.php"
in SYSTEMPATH\Exceptions\FrameworkException.php on line 39.
 1 SYSTEMPATH\View\View.php(216): CodeIgniter\Exceptions\FrameworkException::forInvalidFile('verVendedor.php')
 2 SYSTEMPATH\Common.php(1178): CodeIgniter\View\View->render('verVendedor', [], true)
 3 APPPATH\Controllers\Ventas.php(30): view('verVendedor', [...])
 4 SYSTEMPATH\CodeIgniter.php(941): App\Controllers\Ventas->verVendedor('5')
 5 SYSTEMPATH\CodeIgniter.php(502): CodeIgniter\CodeIgniter->runController(Object(App\Controllers\Ventas))
 6 SYSTEMPATH\CodeIgniter.php(361): CodeIgniter\CodeIgniter->handleRequest(null, Object(Config\Cache), false)
 7 FCPATH\index.php(79): CodeIgniter\CodeIgniter->run()
CRITICAL - 2024-02-08 00:36:00 --> CodeIgniter\View\Exceptions\ViewException: Invalid file: "verVendedor.php"
in SYSTEMPATH\Exceptions\FrameworkException.php on line 39.
 1 SYSTEMPATH\View\View.php(216): CodeIgniter\Exceptions\FrameworkException::forInvalidFile('verVendedor.php')
 2 SYSTEMPATH\Common.php(1178): CodeIgniter\View\View->render('verVendedor', [], true)
 3 APPPATH\Controllers\Ventas.php(32): view('verVendedor', [...])
 4 SYSTEMPATH\CodeIgniter.php(941): App\Controllers\Ventas->verVendedor('5')
 5 SYSTEMPATH\CodeIgniter.php(502): CodeIgniter\CodeIgniter->runController(Object(App\Controllers\Ventas))
 6 SYSTEMPATH\CodeIgniter.php(361): CodeIgniter\CodeIgniter->handleRequest(null, Object(Config\Cache), false)
 7 FCPATH\index.php(79): CodeIgniter\CodeIgniter->run()
CRITICAL - 2024-02-08 00:36:04 --> CodeIgniter\View\Exceptions\ViewException: Invalid file: "verVendedor.php"
in SYSTEMPATH\Exceptions\FrameworkException.php on line 39.
 1 SYSTEMPATH\View\View.php(216): CodeIgniter\Exceptions\FrameworkException::forInvalidFile('verVendedor.php')
 2 SYSTEMPATH\Common.php(1178): CodeIgniter\View\View->render('verVendedor', [], true)
 3 APPPATH\Controllers\Ventas.php(32): view('verVendedor', [...])
 4 SYSTEMPATH\CodeIgniter.php(941): App\Controllers\Ventas->verVendedor('5')
 5 SYSTEMPATH\CodeIgniter.php(502): CodeIgniter\CodeIgniter->runController(Object(App\Controllers\Ventas))
 6 SYSTEMPATH\CodeIgniter.php(361): CodeIgniter\CodeIgniter->handleRequest(null, Object(Config\Cache), false)
 7 FCPATH\index.php(79): CodeIgniter\CodeIgniter->run()
CRITICAL - 2024-02-08 00:36:05 --> CodeIgniter\View\Exceptions\ViewException: Invalid file: "verVendedor.php"
in SYSTEMPATH\Exceptions\FrameworkException.php on line 39.
 1 SYSTEMPATH\View\View.php(216): CodeIgniter\Exceptions\FrameworkException::forInvalidFile('verVendedor.php')
 2 SYSTEMPATH\Common.php(1178): CodeIgniter\View\View->render('verVendedor', [], true)
 3 APPPATH\Controllers\Ventas.php(32): view('verVendedor', [...])
 4 SYSTEMPATH\CodeIgniter.php(941): App\Controllers\Ventas->verVendedor('5')
 5 SYSTEMPATH\CodeIgniter.php(502): CodeIgniter\CodeIgniter->runController(Object(App\Controllers\Ventas))
 6 SYSTEMPATH\CodeIgniter.php(361): CodeIgniter\CodeIgniter->handleRequest(null, Object(Config\Cache), false)
 7 FCPATH\index.php(79): CodeIgniter\CodeIgniter->run()
CRITICAL - 2024-02-08 00:36:05 --> CodeIgniter\View\Exceptions\ViewException: Invalid file: "verVendedor.php"
in SYSTEMPATH\Exceptions\FrameworkException.php on line 39.
 1 SYSTEMPATH\View\View.php(216): CodeIgniter\Exceptions\FrameworkException::forInvalidFile('verVendedor.php')
 2 SYSTEMPATH\Common.php(1178): CodeIgniter\View\View->render('verVendedor', [], true)
 3 APPPATH\Controllers\Ventas.php(32): view('verVendedor', [...])
 4 SYSTEMPATH\CodeIgniter.php(941): App\Controllers\Ventas->verVendedor('5')
 5 SYSTEMPATH\CodeIgniter.php(502): CodeIgniter\CodeIgniter->runController(Object(App\Controllers\Ventas))
 6 SYSTEMPATH\CodeIgniter.php(361): CodeIgniter\CodeIgniter->handleRequest(null, Object(Config\Cache), false)
 7 FCPATH\index.php(79): CodeIgniter\CodeIgniter->run()
CRITICAL - 2024-02-08 00:36:05 --> CodeIgniter\View\Exceptions\ViewException: Invalid file: "verVendedor.php"
in SYSTEMPATH\Exceptions\FrameworkException.php on line 39.
 1 SYSTEMPATH\View\View.php(216): CodeIgniter\Exceptions\FrameworkException::forInvalidFile('verVendedor.php')
 2 SYSTEMPATH\Common.php(1178): CodeIgniter\View\View->render('verVendedor', [], true)
 3 APPPATH\Controllers\Ventas.php(32): view('verVendedor', [...])
 4 SYSTEMPATH\CodeIgniter.php(941): App\Controllers\Ventas->verVendedor('5')
 5 SYSTEMPATH\CodeIgniter.php(502): CodeIgniter\CodeIgniter->runController(Object(App\Controllers\Ventas))
 6 SYSTEMPATH\CodeIgniter.php(361): CodeIgniter\CodeIgniter->handleRequest(null, Object(Config\Cache), false)
 7 FCPATH\index.php(79): CodeIgniter\CodeIgniter->run()
CRITICAL - 2024-02-08 00:36:06 --> CodeIgniter\View\Exceptions\ViewException: Invalid file: "verVendedor.php"
in SYSTEMPATH\Exceptions\FrameworkException.php on line 39.
 1 SYSTEMPATH\View\View.php(216): CodeIgniter\Exceptions\FrameworkException::forInvalidFile('verVendedor.php')
 2 SYSTEMPATH\Common.php(1178): CodeIgniter\View\View->render('verVendedor', [], true)
 3 APPPATH\Controllers\Ventas.php(32): view('verVendedor', [...])
 4 SYSTEMPATH\CodeIgniter.php(941): App\Controllers\Ventas->verVendedor('3')
 5 SYSTEMPATH\CodeIgniter.php(502): CodeIgniter\CodeIgniter->runController(Object(App\Controllers\Ventas))
 6 SYSTEMPATH\CodeIgniter.php(361): CodeIgniter\CodeIgniter->handleRequest(null, Object(Config\Cache), false)
 7 FCPATH\index.php(79): CodeIgniter\CodeIgniter->run()
CRITICAL - 2024-02-08 00:36:07 --> CodeIgniter\View\Exceptions\ViewException: Invalid file: "verVendedor.php"
in SYSTEMPATH\Exceptions\FrameworkException.php on line 39.
 1 SYSTEMPATH\View\View.php(216): CodeIgniter\Exceptions\FrameworkException::forInvalidFile('verVendedor.php')
 2 SYSTEMPATH\Common.php(1178): CodeIgniter\View\View->render('verVendedor', [], true)
 3 APPPATH\Controllers\Ventas.php(32): view('verVendedor', [...])
 4 SYSTEMPATH\CodeIgniter.php(941): App\Controllers\Ventas->verVendedor('1')
 5 SYSTEMPATH\CodeIgniter.php(502): CodeIgniter\CodeIgniter->runController(Object(App\Controllers\Ventas))
 6 SYSTEMPATH\CodeIgniter.php(361): CodeIgniter\CodeIgniter->handleRequest(null, Object(Config\Cache), false)
 7 FCPATH\index.php(79): CodeIgniter\CodeIgniter->run()
CRITICAL - 2024-02-08 00:36:33 --> CodeIgniter\View\Exceptions\ViewException: Invalid file: "verVendedor.php"
in SYSTEMPATH\Exceptions\FrameworkException.php on line 39.
 1 SYSTEMPATH\View\View.php(216): CodeIgniter\Exceptions\FrameworkException::forInvalidFile('verVendedor.php')
 2 SYSTEMPATH\Common.php(1178): CodeIgniter\View\View->render('verVendedor', [], true)
 3 APPPATH\Controllers\Ventas.php(32): view('verVendedor', [...])
 4 SYSTEMPATH\CodeIgniter.php(941): App\Controllers\Ventas->verVendedor('5')
 5 SYSTEMPATH\CodeIgniter.php(502): CodeIgniter\CodeIgniter->runController(Object(App\Controllers\Ventas))
 6 SYSTEMPATH\CodeIgniter.php(361): CodeIgniter\CodeIgniter->handleRequest(null, Object(Config\Cache), false)
 7 FCPATH\index.php(79): CodeIgniter\CodeIgniter->run()
CRITICAL - 2024-02-08 00:36:36 --> CodeIgniter\View\Exceptions\ViewException: Invalid file: "verVendedor.php"
in SYSTEMPATH\Exceptions\FrameworkException.php on line 39.
 1 SYSTEMPATH\View\View.php(216): CodeIgniter\Exceptions\FrameworkException::forInvalidFile('verVendedor.php')
 2 SYSTEMPATH\Common.php(1178): CodeIgniter\View\View->render('verVendedor', [], true)
 3 APPPATH\Controllers\Ventas.php(32): view('verVendedor', [...])
 4 SYSTEMPATH\CodeIgniter.php(941): App\Controllers\Ventas->verVendedor('3')
 5 SYSTEMPATH\CodeIgniter.php(502): CodeIgniter\CodeIgniter->runController(Object(App\Controllers\Ventas))
 6 SYSTEMPATH\CodeIgniter.php(361): CodeIgniter\CodeIgniter->handleRequest(null, Object(Config\Cache), false)
 7 FCPATH\index.php(79): CodeIgniter\CodeIgniter->run()
CRITICAL - 2024-02-08 00:37:39 --> CodeIgniter\View\Exceptions\ViewException: Invalid file: "verVendedor.php"
in SYSTEMPATH\Exceptions\FrameworkException.php on line 39.
 1 SYSTEMPATH\View\View.php(216): CodeIgniter\Exceptions\FrameworkException::forInvalidFile('verVendedor.php')
 2 SYSTEMPATH\Common.php(1178): CodeIgniter\View\View->render('verVendedor', [], true)
 3 APPPATH\Controllers\Ventas.php(32): view('verVendedor', [...])
 4 SYSTEMPATH\CodeIgniter.php(941): App\Controllers\Ventas->verVendedor('5')
 5 SYSTEMPATH\CodeIgniter.php(502): CodeIgniter\CodeIgniter->runController(Object(App\Controllers\Ventas))
 6 SYSTEMPATH\CodeIgniter.php(361): CodeIgniter\CodeIgniter->handleRequest(null, Object(Config\Cache), false)
 7 FCPATH\index.php(79): CodeIgniter\CodeIgniter->run()
CRITICAL - 2024-02-08 00:39:18 --> CodeIgniter\View\Exceptions\ViewException: Invalid file: "verVendedor.php"
in SYSTEMPATH\Exceptions\FrameworkException.php on line 39.
 1 SYSTEMPATH\View\View.php(216): CodeIgniter\Exceptions\FrameworkException::forInvalidFile('verVendedor.php')
 2 SYSTEMPATH\Common.php(1178): CodeIgniter\View\View->render('verVendedor', [], true)
 3 APPPATH\Controllers\Ventas.php(30): view('verVendedor', [...])
 4 SYSTEMPATH\CodeIgniter.php(941): App\Controllers\Ventas->verVendedor('5')
 5 SYSTEMPATH\CodeIgniter.php(502): CodeIgniter\CodeIgniter->runController(Object(App\Controllers\Ventas))
 6 SYSTEMPATH\CodeIgniter.php(361): CodeIgniter\CodeIgniter->handleRequest(null, Object(Config\Cache), false)
 7 FCPATH\index.php(79): CodeIgniter\CodeIgniter->run()
CRITICAL - 2024-02-08 00:39:21 --> CodeIgniter\View\Exceptions\ViewException: Invalid file: "verVendedor.php"
in SYSTEMPATH\Exceptions\FrameworkException.php on line 39.
 1 SYSTEMPATH\View\View.php(216): CodeIgniter\Exceptions\FrameworkException::forInvalidFile('verVendedor.php')
 2 SYSTEMPATH\Common.php(1178): CodeIgniter\View\View->render('verVendedor', [], true)
 3 APPPATH\Controllers\Ventas.php(30): view('verVendedor', [...])
 4 SYSTEMPATH\CodeIgniter.php(941): App\Controllers\Ventas->verVendedor('3')
 5 SYSTEMPATH\CodeIgniter.php(502): CodeIgniter\CodeIgniter->runController(Object(App\Controllers\Ventas))
 6 SYSTEMPATH\CodeIgniter.php(361): CodeIgniter\CodeIgniter->handleRequest(null, Object(Config\Cache), false)
 7 FCPATH\index.php(79): CodeIgniter\CodeIgniter->run()
CRITICAL - 2024-02-08 00:39:24 --> CodeIgniter\View\Exceptions\ViewException: Invalid file: "verVendedor.php"
in SYSTEMPATH\Exceptions\FrameworkException.php on line 39.
 1 SYSTEMPATH\View\View.php(216): CodeIgniter\Exceptions\FrameworkException::forInvalidFile('verVendedor.php')
 2 SYSTEMPATH\Common.php(1178): CodeIgniter\View\View->render('verVendedor', [], true)
 3 APPPATH\Controllers\Ventas.php(30): view('verVendedor', [...])
 4 SYSTEMPATH\CodeIgniter.php(941): App\Controllers\Ventas->verVendedor('2')
 5 SYSTEMPATH\CodeIgniter.php(502): CodeIgniter\CodeIgniter->runController(Object(App\Controllers\Ventas))
 6 SYSTEMPATH\CodeIgniter.php(361): CodeIgniter\CodeIgniter->handleRequest(null, Object(Config\Cache), false)
 7 FCPATH\index.php(79): CodeIgniter\CodeIgniter->run()
CRITICAL - 2024-02-08 00:39:25 --> CodeIgniter\View\Exceptions\ViewException: Invalid file: "verVendedor.php"
in SYSTEMPATH\Exceptions\FrameworkException.php on line 39.
 1 SYSTEMPATH\View\View.php(216): CodeIgniter\Exceptions\FrameworkException::forInvalidFile('verVendedor.php')
 2 SYSTEMPATH\Common.php(1178): CodeIgniter\View\View->render('verVendedor', [], true)
 3 APPPATH\Controllers\Ventas.php(30): view('verVendedor', [...])
 4 SYSTEMPATH\CodeIgniter.php(941): App\Controllers\Ventas->verVendedor('4')
 5 SYSTEMPATH\CodeIgniter.php(502): CodeIgniter\CodeIgniter->runController(Object(App\Controllers\Ventas))
 6 SYSTEMPATH\CodeIgniter.php(361): CodeIgniter\CodeIgniter->handleRequest(null, Object(Config\Cache), false)
 7 FCPATH\index.php(79): CodeIgniter\CodeIgniter->run()
CRITICAL - 2024-02-08 00:40:14 --> ErrorException: Array to string conversion
in APPPATH\Controllers\Ventas.php on line 33.
 1 APPPATH\Controllers\Ventas.php(33): CodeIgniter\Debug\Exceptions->errorHandler(2, 'Array to string conversion', 'C:\\xampp\\htdocs\\examenFinal\\app\\Controllers\\Ventas.php', 33)
 2 SYSTEMPATH\CodeIgniter.php(941): App\Controllers\Ventas->verVendedor('5')
 3 SYSTEMPATH\CodeIgniter.php(502): CodeIgniter\CodeIgniter->runController(Object(App\Controllers\Ventas))
 4 SYSTEMPATH\CodeIgniter.php(361): CodeIgniter\CodeIgniter->handleRequest(null, Object(Config\Cache), false)
 5 FCPATH\index.php(79): CodeIgniter\CodeIgniter->run()
CRITICAL - 2024-02-08 00:42:13 --> TypeError: App\Controllers\Ventas::verVendedor(): Return value must be of type string, none returned
in APPPATH\Controllers\Ventas.php on line 31.
 1 SYSTEMPATH\CodeIgniter.php(941): App\Controllers\Ventas->verVendedor('5')
 2 SYSTEMPATH\CodeIgniter.php(502): CodeIgniter\CodeIgniter->runController(Object(App\Controllers\Ventas))
 3 SYSTEMPATH\CodeIgniter.php(361): CodeIgniter\CodeIgniter->handleRequest(null, Object(Config\Cache), false)
 4 FCPATH\index.php(79): CodeIgniter\CodeIgniter->run()
CRITICAL - 2024-02-08 00:44:17 --> TypeError: App\Controllers\Ventas::verVendedor(): Return value must be of type string, none returned
in APPPATH\Controllers\Ventas.php on line 31.
 1 SYSTEMPATH\CodeIgniter.php(941): App\Controllers\Ventas->verVendedor('5')
 2 SYSTEMPATH\CodeIgniter.php(502): CodeIgniter\CodeIgniter->runController(Object(App\Controllers\Ventas))
 3 SYSTEMPATH\CodeIgniter.php(361): CodeIgniter\CodeIgniter->handleRequest(null, Object(Config\Cache), false)
 4 FCPATH\index.php(79): CodeIgniter\CodeIgniter->run()
CRITICAL - 2024-02-08 00:46:07 --> TypeError: App\Controllers\Ventas::verVendedor(): Return value must be of type string, none returned
in APPPATH\Controllers\Ventas.php on line 27.
 1 SYSTEMPATH\CodeIgniter.php(941): App\Controllers\Ventas->verVendedor('5')
 2 SYSTEMPATH\CodeIgniter.php(502): CodeIgniter\CodeIgniter->runController(Object(App\Controllers\Ventas))
 3 SYSTEMPATH\CodeIgniter.php(361): CodeIgniter\CodeIgniter->handleRequest(null, Object(Config\Cache), false)
 4 FCPATH\index.php(79): CodeIgniter\CodeIgniter->run()
CRITICAL - 2024-02-08 00:46:49 --> Error: Call to undefined method CodeIgniter\HTTP\Response::json()
in APPPATH\Controllers\Ventas.php on line 32.
 1 SYSTEMPATH\CodeIgniter.php(941): App\Controllers\Ventas->verVendedor('5')
 2 SYSTEMPATH\CodeIgniter.php(502): CodeIgniter\CodeIgniter->runController(Object(App\Controllers\Ventas))
 3 SYSTEMPATH\CodeIgniter.php(361): CodeIgniter\CodeIgniter->handleRequest(null, Object(Config\Cache), false)
 4 FCPATH\index.php(79): CodeIgniter\CodeIgniter->run()
CRITICAL - 2024-02-08 00:46:50 --> Error: Call to undefined method CodeIgniter\HTTP\Response::json()
in APPPATH\Controllers\Ventas.php on line 32.
 1 SYSTEMPATH\CodeIgniter.php(941): App\Controllers\Ventas->verVendedor('5')
 2 SYSTEMPATH\CodeIgniter.php(502): CodeIgniter\CodeIgniter->runController(Object(App\Controllers\Ventas))
 3 SYSTEMPATH\CodeIgniter.php(361): CodeIgniter\CodeIgniter->handleRequest(null, Object(Config\Cache), false)
 4 FCPATH\index.php(79): CodeIgniter\CodeIgniter->run()
CRITICAL - 2024-02-08 00:47:08 --> Error: Call to undefined method CodeIgniter\HTTP\Response::json()
in APPPATH\Controllers\Ventas.php on line 32.
 1 SYSTEMPATH\CodeIgniter.php(941): App\Controllers\Ventas->verVendedor('5')
 2 SYSTEMPATH\CodeIgniter.php(502): CodeIgniter\CodeIgniter->runController(Object(App\Controllers\Ventas))
 3 SYSTEMPATH\CodeIgniter.php(361): CodeIgniter\CodeIgniter->handleRequest(null, Object(Config\Cache), false)
 4 FCPATH\index.php(79): CodeIgniter\CodeIgniter->run()
CRITICAL - 2024-02-08 00:47:09 --> Error: Call to undefined method CodeIgniter\HTTP\Response::json()
in APPPATH\Controllers\Ventas.php on line 32.
 1 SYSTEMPATH\CodeIgniter.php(941): App\Controllers\Ventas->verVendedor('5')
 2 SYSTEMPATH\CodeIgniter.php(502): CodeIgniter\CodeIgniter->runController(Object(App\Controllers\Ventas))
 3 SYSTEMPATH\CodeIgniter.php(361): CodeIgniter\CodeIgniter->handleRequest(null, Object(Config\Cache), false)
 4 FCPATH\index.php(79): CodeIgniter\CodeIgniter->run()
CRITICAL - 2024-02-08 00:47:09 --> Error: Call to undefined method CodeIgniter\HTTP\Response::json()
in APPPATH\Controllers\Ventas.php on line 32.
 1 SYSTEMPATH\CodeIgniter.php(941): App\Controllers\Ventas->verVendedor('5')
 2 SYSTEMPATH\CodeIgniter.php(502): CodeIgniter\CodeIgniter->runController(Object(App\Controllers\Ventas))
 3 SYSTEMPATH\CodeIgniter.php(361): CodeIgniter\CodeIgniter->handleRequest(null, Object(Config\Cache), false)
 4 FCPATH\index.php(79): CodeIgniter\CodeIgniter->run()
CRITICAL - 2024-02-08 00:47:24 --> Error: Call to undefined method CodeIgniter\HTTP\Response::json()
in APPPATH\Controllers\Ventas.php on line 32.
 1 SYSTEMPATH\CodeIgniter.php(941): App\Controllers\Ventas->verVendedor('5')
 2 SYSTEMPATH\CodeIgniter.php(502): CodeIgniter\CodeIgniter->runController(Object(App\Controllers\Ventas))
 3 SYSTEMPATH\CodeIgniter.php(361): CodeIgniter\CodeIgniter->handleRequest(null, Object(Config\Cache), false)
 4 FCPATH\index.php(79): CodeIgniter\CodeIgniter->run()
CRITICAL - 2024-02-08 00:47:25 --> Error: Call to undefined method CodeIgniter\HTTP\Response::json()
in APPPATH\Controllers\Ventas.php on line 32.
 1 SYSTEMPATH\CodeIgniter.php(941): App\Controllers\Ventas->verVendedor('3')
 2 SYSTEMPATH\CodeIgniter.php(502): CodeIgniter\CodeIgniter->runController(Object(App\Controllers\Ventas))
 3 SYSTEMPATH\CodeIgniter.php(361): CodeIgniter\CodeIgniter->handleRequest(null, Object(Config\Cache), false)
 4 FCPATH\index.php(79): CodeIgniter\CodeIgniter->run()
CRITICAL - 2024-02-08 00:47:51 --> Error: Call to undefined method CodeIgniter\HTTP\Response::json()
in APPPATH\Controllers\Ventas.php on line 32.
 1 SYSTEMPATH\CodeIgniter.php(941): App\Controllers\Ventas->verVendedor('5')
 2 SYSTEMPATH\CodeIgniter.php(502): CodeIgniter\CodeIgniter->runController(Object(App\Controllers\Ventas))
 3 SYSTEMPATH\CodeIgniter.php(361): CodeIgniter\CodeIgniter->handleRequest(null, Object(Config\Cache), false)
 4 FCPATH\index.php(79): CodeIgniter\CodeIgniter->run()
CRITICAL - 2024-02-08 00:48:54 --> Error: Call to undefined method CodeIgniter\HTTP\Response::json()
in APPPATH\Controllers\Ventas.php on line 32.
 1 SYSTEMPATH\CodeIgniter.php(941): App\Controllers\Ventas->verVendedor('5')
 2 SYSTEMPATH\CodeIgniter.php(502): CodeIgniter\CodeIgniter->runController(Object(App\Controllers\Ventas))
 3 SYSTEMPATH\CodeIgniter.php(361): CodeIgniter\CodeIgniter->handleRequest(null, Object(Config\Cache), false)
 4 FCPATH\index.php(79): CodeIgniter\CodeIgniter->run()
CRITICAL - 2024-02-08 00:49:18 --> Error: Call to undefined method CodeIgniter\HTTP\Response::json()
in APPPATH\Controllers\Ventas.php on line 32.
 1 SYSTEMPATH\CodeIgniter.php(941): App\Controllers\Ventas->verVendedor('5')
 2 SYSTEMPATH\CodeIgniter.php(502): CodeIgniter\CodeIgniter->runController(Object(App\Controllers\Ventas))
 3 SYSTEMPATH\CodeIgniter.php(361): CodeIgniter\CodeIgniter->handleRequest(null, Object(Config\Cache), false)
 4 FCPATH\index.php(79): CodeIgniter\CodeIgniter->run()
CRITICAL - 2024-02-08 00:49:48 --> Error: Call to undefined method CodeIgniter\HTTP\Response::json()
in APPPATH\Controllers\Ventas.php on line 32.
 1 SYSTEMPATH\CodeIgniter.php(941): App\Controllers\Ventas->verVendedor('5')
 2 SYSTEMPATH\CodeIgniter.php(502): CodeIgniter\CodeIgniter->runController(Object(App\Controllers\Ventas))
 3 SYSTEMPATH\CodeIgniter.php(361): CodeIgniter\CodeIgniter->handleRequest(null, Object(Config\Cache), false)
 4 FCPATH\index.php(79): CodeIgniter\CodeIgniter->run()
CRITICAL - 2024-02-08 00:49:49 --> Error: Call to undefined method CodeIgniter\HTTP\Response::json()
in APPPATH\Controllers\Ventas.php on line 32.
 1 SYSTEMPATH\CodeIgniter.php(941): App\Controllers\Ventas->verVendedor('5')
 2 SYSTEMPATH\CodeIgniter.php(502): CodeIgniter\CodeIgniter->runController(Object(App\Controllers\Ventas))
 3 SYSTEMPATH\CodeIgniter.php(361): CodeIgniter\CodeIgniter->handleRequest(null, Object(Config\Cache), false)
 4 FCPATH\index.php(79): CodeIgniter\CodeIgniter->run()
CRITICAL - 2024-02-08 00:49:49 --> Error: Call to undefined method CodeIgniter\HTTP\Response::json()
in APPPATH\Controllers\Ventas.php on line 32.
 1 SYSTEMPATH\CodeIgniter.php(941): App\Controllers\Ventas->verVendedor('5')
 2 SYSTEMPATH\CodeIgniter.php(502): CodeIgniter\CodeIgniter->runController(Object(App\Controllers\Ventas))
 3 SYSTEMPATH\CodeIgniter.php(361): CodeIgniter\CodeIgniter->handleRequest(null, Object(Config\Cache), false)
 4 FCPATH\index.php(79): CodeIgniter\CodeIgniter->run()
CRITICAL - 2024-02-08 00:50:11 --> Error: Call to undefined method CodeIgniter\HTTP\Response::json()
in APPPATH\Controllers\Ventas.php on line 32.
 1 SYSTEMPATH\CodeIgniter.php(941): App\Controllers\Ventas->verVendedor('5')
 2 SYSTEMPATH\CodeIgniter.php(502): CodeIgniter\CodeIgniter->runController(Object(App\Controllers\Ventas))
 3 SYSTEMPATH\CodeIgniter.php(361): CodeIgniter\CodeIgniter->handleRequest(null, Object(Config\Cache), false)
 4 FCPATH\index.php(79): CodeIgniter\CodeIgniter->run()
CRITICAL - 2024-02-08 00:51:37 --> Error: Call to undefined method CodeIgniter\HTTP\Response::json()
in APPPATH\Controllers\Ventas.php on line 31.
 1 SYSTEMPATH\CodeIgniter.php(941): App\Controllers\Ventas->verVendedor('5')
 2 SYSTEMPATH\CodeIgniter.php(502): CodeIgniter\CodeIgniter->runController(Object(App\Controllers\Ventas))
 3 SYSTEMPATH\CodeIgniter.php(361): CodeIgniter\CodeIgniter->handleRequest(null, Object(Config\Cache), false)
 4 FCPATH\index.php(79): CodeIgniter\CodeIgniter->run()
CRITICAL - 2024-02-08 01:04:18 --> ErrorException: Undefined array key "CLI_NOMBRE"
in APPPATH\Views\verVentas.php on line 135.
 1 APPPATH\Views\verVentas.php(135): CodeIgniter\Debug\Exceptions->errorHandler(2, 'Undefined array key "CLI_NOMBRE"', 'C:\\xampp\\htdocs\\examenFinal\\app\\Views\\verVentas.php', 135)
 2 SYSTEMPATH\View\View.php(228): include('C:\\xampp\\htdocs\\examenFinal\\app\\Views\\verVentas.php')
 3 SYSTEMPATH\View\View.php(231): CodeIgniter\View\View->CodeIgniter\View\{closure}()
 4 SYSTEMPATH\Common.php(1178): CodeIgniter\View\View->render('verVentas', [], true)
 5 APPPATH\Controllers\Ventas.php(20): view('verVentas', [...])
 6 SYSTEMPATH\CodeIgniter.php(941): App\Controllers\Ventas->ver()
 7 SYSTEMPATH\CodeIgniter.php(502): CodeIgniter\CodeIgniter->runController(Object(App\Controllers\Ventas))
 8 SYSTEMPATH\CodeIgniter.php(361): CodeIgniter\CodeIgniter->handleRequest(null, Object(Config\Cache), false)
 9 FCPATH\index.php(79): CodeIgniter\CodeIgniter->run()
