CRITICAL - 2024-02-07 23:02:46 --> CodeIgniter\Exceptions\ConfigException: Config\App::$baseURL "/" is not a valid URL.
in SYSTEMPATH\HTTP\SiteURI.php on line 199.
 1 SYSTEMPATH\HTTP\SiteURI.php(145): CodeIgniter\HTTP\SiteURI->normalizeBaseURL(Object(Config\App))
 2 SYSTEMPATH\HTTP\SiteURI.php(100): CodeIgniter\HTTP\SiteURI->determineBaseURL(Object(Config\App), null, null)
 3 SYSTEMPATH\HTTP\SiteURIFactory.php(224): CodeIgniter\HTTP\SiteURI->__construct(Object(Config\App), '/', null)
 4 SYSTEMPATH\HTTP\SiteURIFactory.php(45): CodeIgniter\HTTP\SiteURIFactory->createURIFromRoutePath('/')
 5 SYSTEMPATH\Config\Services.php(799): CodeIgniter\HTTP\SiteURIFactory->createFromGlobals()
 6 SYSTEMPATH\Config\BaseService.php(258): CodeIgniter\Config\Services::uri(null, false)
 7 SYSTEMPATH\Config\BaseService.php(199): CodeIgniter\Config\BaseService::__callStatic('uri', [...])
 8 SYSTEMPATH\Config\Services.php(792): CodeIgniter\Config\BaseService::getSharedInstance('uri', null)
 9 SYSTEMPATH\Config\BaseService.php(258): CodeIgniter\Config\Services::uri()
10 SYSTEMPATH\Config\Services.php(566): CodeIgniter\Config\BaseService::__callStatic('uri', [])
11 SYSTEMPATH\Config\BaseService.php(258): CodeIgniter\Config\Services::incomingrequest(Object(Config\App), false)
12 SYSTEMPATH\Config\Services.php(524): CodeIgniter\Config\BaseService::__callStatic('incomingrequest', [...])
13 SYSTEMPATH\Config\BaseService.php(258): CodeIgniter\Config\Services::request(Object(Config\App), false)
14 SYSTEMPATH\Config\BaseService.php(199): CodeIgniter\Config\BaseService::__callStatic('request', [...])
15 SYSTEMPATH\Config\Services.php(559): CodeIgniter\Config\BaseService::getSharedInstance('request', Object(Config\App))
16 SYSTEMPATH\Config\BaseService.php(258): CodeIgniter\Config\Services::incomingrequest(Object(Config\App))
17 SYSTEMPATH\Config\Services.php(539): CodeIgniter\Config\BaseService::__callStatic('incomingrequest', [...])
18 SYSTEMPATH\Config\BaseService.php(258): CodeIgniter\Config\Services::createRequest(Object(Config\App))
19 SYSTEMPATH\CodeIgniter.php(655): CodeIgniter\Config\BaseService::__callStatic('createRequest', [...])
20 SYSTEMPATH\CodeIgniter.php(355): CodeIgniter\CodeIgniter->getRequestObject()
21 FCPATH\index.php(79): CodeIgniter\CodeIgniter->run()
CRITICAL - 2024-02-07 23:02:46 --> ErrorException: Uncaught CodeIgniter\Exceptions\ConfigException: Config\App::$baseURL "/" is not a valid URL. in C:\xampp\htdocs\examenFinal\system\HTTP\SiteURI.php:199
Stack trace:
#0 C:\xampp\htdocs\examenFinal\system\HTTP\SiteURI.php(145): CodeIgniter\HTTP\SiteURI->normalizeBaseURL(Object(Config\App))
#1 C:\xampp\htdocs\examenFinal\system\HTTP\SiteURI.php(100): CodeIgniter\HTTP\SiteURI->determineBaseURL(Object(Config\App), NULL, NULL)
#2 C:\xampp\htdocs\examenFinal\system\HTTP\SiteURIFactory.php(224): CodeIgniter\HTTP\SiteURI->__construct(Object(Config\App), '/', NULL)
#3 C:\xampp\htdocs\examenFinal\system\HTTP\SiteURIFactory.php(45): CodeIgniter\HTTP\SiteURIFactory->createURIFromRoutePath('/')
#4 C:\xampp\htdocs\examenFinal\system\Config\Services.php(799): CodeIgniter\HTTP\SiteURIFactory->createFromGlobals()
#5 C:\xampp\htdocs\examenFinal\system\Config\BaseService.php(258): CodeIgniter\Config\Services::uri(NULL, false)
#6 C:\xampp\htdocs\examenFinal\system\Config\BaseService.php(199): CodeIgniter\Config\BaseService::__callStatic('uri', Array)
#7 C:\xampp\htdocs\examenFinal\system\Config\Services.php(792): CodeIgniter\Config\BaseService::getSharedInstance('uri', NULL)
#8 C:\xampp\htdocs\examenFinal\system\Config\BaseService.php(258): CodeIgniter\Config\Services::uri()
#9 C:\xampp\htdocs\examenFinal\system\Config\Services.php(566): CodeIgniter\Config\BaseService::__callStatic('uri', Array)
#10 C:\xampp\htdocs\examenFinal\system\Config\BaseService.php(258): CodeIgniter\Config\Services::incomingrequest(Object(Config\App), false)
#11 C:\xampp\htdocs\examenFinal\system\Config\Services.php(524): CodeIgniter\Config\BaseService::__callStatic('incomingrequest', Array)
#12 C:\xampp\htdocs\examenFinal\system\Config\BaseService.php(258): CodeIgniter\Config\Services::request(NULL, false)
#13 C:\xampp\htdocs\examenFinal\system\Config\BaseService.php(199): CodeIgniter\Config\BaseService::__callStatic('request', Array)
#14 C:\xampp\htdocs\examenFinal\system\Config\Services.php(520): CodeIgniter\Config\BaseService::getSharedInstance('request', NULL)
#15 C:\xampp\htdocs\examenFinal\system\Config\BaseService.php(258): CodeIgniter\Config\Services::request()
#16 C:\xampp\htdocs\examenFinal\system\Debug\Exceptions.php(150): CodeIgniter\Config\BaseService::__callStatic('request', Array)
#17 [internal function]: CodeIgniter\Debug\Exceptions->exceptionHandler(Object(CodeIgniter\Exceptions\ConfigException))
#18 {main}
  thrown
ã€Previous Exceptionã€‘
CodeIgniter\Exceptions\ConfigException
Config\App::$baseURL "/" is not a valid URL.
#0 C:\xampp\htdocs\examenFinal\system\HTTP\SiteURI.php(145): CodeIgniter\HTTP\SiteURI->normalizeBaseURL(Object(Config\App))
#1 C:\xampp\htdocs\examenFinal\system\HTTP\SiteURI.php(100): CodeIgniter\HTTP\SiteURI->determineBaseURL(Object(Config\App), NULL, NULL)
#2 C:\xampp\htdocs\examenFinal\system\HTTP\SiteURIFactory.php(224): CodeIgniter\HTTP\SiteURI->__construct(Object(Config\App), '/', NULL)
#3 C:\xampp\htdocs\examenFinal\system\HTTP\SiteURIFactory.php(45): CodeIgniter\HTTP\SiteURIFactory->createURIFromRoutePath('/')
#4 C:\xampp\htdocs\examenFinal\system\Config\Services.php(799): CodeIgniter\HTTP\SiteURIFactory->createFromGlobals()
#5 C:\xampp\htdocs\examenFinal\system\Config\BaseService.php(258): CodeIgniter\Config\Services::uri(NULL, false)
#6 C:\xampp\htdocs\examenFinal\system\Config\BaseService.php(199): CodeIgniter\Config\BaseService::__callStatic('uri', Array)
#7 C:\xampp\htdocs\examenFinal\system\Config\Services.php(792): CodeIgniter\Config\BaseService::getSharedInstance('uri', NULL)
#8 C:\xampp\htdocs\examenFinal\system\Config\BaseService.php(258): CodeIgniter\Config\Services::uri()
#9 C:\xampp\htdocs\examenFinal\system\Config\Services.php(566): CodeIgniter\Config\BaseService::__callStatic('uri', Array)
#10 C:\xampp\htdocs\examenFinal\system\Config\BaseService.php(258): CodeIgniter\Config\Services::incomingrequest(Object(Config\App), false)
#11 C:\xampp\htdocs\examenFinal\system\Config\Services.php(524): CodeIgniter\Config\BaseService::__callStatic('incomingrequest', Array)
#12 C:\xampp\htdocs\examenFinal\system\Config\BaseService.php(258): CodeIgniter\Config\Services::request(Object(Config\App), false)
#13 C:\xampp\htdocs\examenFinal\system\Config\BaseService.php(199): CodeIgniter\Config\BaseService::__callStatic('request', Array)
#14 C:\xampp\htdocs\examenFinal\system\Config\Services.php(559): CodeIgniter\Config\BaseService::getSharedInstance('request', Object(Config\App))
#15 C:\xampp\htdocs\examenFinal\system\Config\BaseService.php(258): CodeIgniter\Config\Services::incomingrequest(Object(Config\App))
#16 C:\xampp\htdocs\examenFinal\system\Config\Services.php(539): CodeIgniter\Config\BaseService::__callStatic('incomingrequest', Array)
#17 C:\xampp\htdocs\examenFinal\system\Config\BaseService.php(258): CodeIgniter\Config\Services::createRequest(Object(Config\App))
#18 C:\xampp\htdocs\examenFinal\system\CodeIgniter.php(655): CodeIgniter\Config\BaseService::__callStatic('createRequest', Array)
#19 C:\xampp\htdocs\examenFinal\system\CodeIgniter.php(355): CodeIgniter\CodeIgniter->getRequestObject()
#20 C:\xampp\htdocs\examenFinal\index.php(79): CodeIgniter\CodeIgniter->run()
#21 {main}
in SYSTEMPATH\HTTP\SiteURI.php on line 199.
 1 [internal function]: CodeIgniter\Debug\Exceptions->shutdownHandler()
CRITICAL - 2024-02-07 23:50:21 --> Error: Class "ventasModel" not found
in APPPATH\Controllers\Ventas.php on line 17.
 1 SYSTEMPATH\CodeIgniter.php(941): App\Controllers\Ventas->ver()
 2 SYSTEMPATH\CodeIgniter.php(502): CodeIgniter\CodeIgniter->runController(Object(App\Controllers\Ventas))
 3 SYSTEMPATH\CodeIgniter.php(361): CodeIgniter\CodeIgniter->handleRequest(null, Object(Config\Cache), false)
 4 FCPATH\index.php(79): CodeIgniter\CodeIgniter->run()
CRITICAL - 2024-02-07 23:50:43 --> Error: Class "ventasModel" not found
in APPPATH\Controllers\Ventas.php on line 17.
 1 SYSTEMPATH\CodeIgniter.php(941): App\Controllers\Ventas->ver()
 2 SYSTEMPATH\CodeIgniter.php(502): CodeIgniter\CodeIgniter->runController(Object(App\Controllers\Ventas))
 3 SYSTEMPATH\CodeIgniter.php(361): CodeIgniter\CodeIgniter->handleRequest(null, Object(Config\Cache), false)
 4 FCPATH\index.php(79): CodeIgniter\CodeIgniter->run()
CRITICAL - 2024-02-07 23:50:43 --> Error: Class "ventasModel" not found
in APPPATH\Controllers\Ventas.php on line 17.
 1 SYSTEMPATH\CodeIgniter.php(941): App\Controllers\Ventas->ver()
 2 SYSTEMPATH\CodeIgniter.php(502): CodeIgniter\CodeIgniter->runController(Object(App\Controllers\Ventas))
 3 SYSTEMPATH\CodeIgniter.php(361): CodeIgniter\CodeIgniter->handleRequest(null, Object(Config\Cache), false)
 4 FCPATH\index.php(79): CodeIgniter\CodeIgniter->run()
CRITICAL - 2024-02-07 23:50:44 --> Error: Class "ventasModel" not found
in APPPATH\Controllers\Ventas.php on line 17.
 1 SYSTEMPATH\CodeIgniter.php(941): App\Controllers\Ventas->ver()
 2 SYSTEMPATH\CodeIgniter.php(502): CodeIgniter\CodeIgniter->runController(Object(App\Controllers\Ventas))
 3 SYSTEMPATH\CodeIgniter.php(361): CodeIgniter\CodeIgniter->handleRequest(null, Object(Config\Cache), false)
 4 FCPATH\index.php(79): CodeIgniter\CodeIgniter->run()
CRITICAL - 2024-02-07 23:50:44 --> Error: Class "ventasModel" not found
in APPPATH\Controllers\Ventas.php on line 17.
 1 SYSTEMPATH\CodeIgniter.php(941): App\Controllers\Ventas->ver()
 2 SYSTEMPATH\CodeIgniter.php(502): CodeIgniter\CodeIgniter->runController(Object(App\Controllers\Ventas))
 3 SYSTEMPATH\CodeIgniter.php(361): CodeIgniter\CodeIgniter->handleRequest(null, Object(Config\Cache), false)
 4 FCPATH\index.php(79): CodeIgniter\CodeIgniter->run()
CRITICAL - 2024-02-07 23:50:44 --> Error: Class "ventasModel" not found
in APPPATH\Controllers\Ventas.php on line 17.
 1 SYSTEMPATH\CodeIgniter.php(941): App\Controllers\Ventas->ver()
 2 SYSTEMPATH\CodeIgniter.php(502): CodeIgniter\CodeIgniter->runController(Object(App\Controllers\Ventas))
 3 SYSTEMPATH\CodeIgniter.php(361): CodeIgniter\CodeIgniter->handleRequest(null, Object(Config\Cache), false)
 4 FCPATH\index.php(79): CodeIgniter\CodeIgniter->run()
CRITICAL - 2024-02-07 23:51:01 --> Error: Class "ventasModel" not found
in APPPATH\Controllers\Ventas.php on line 17.
 1 SYSTEMPATH\CodeIgniter.php(941): App\Controllers\Ventas->ver()
 2 SYSTEMPATH\CodeIgniter.php(502): CodeIgniter\CodeIgniter->runController(Object(App\Controllers\Ventas))
 3 SYSTEMPATH\CodeIgniter.php(361): CodeIgniter\CodeIgniter->handleRequest(null, Object(Config\Cache), false)
 4 FCPATH\index.php(79): CodeIgniter\CodeIgniter->run()
CRITICAL - 2024-02-07 23:51:07 --> Error: Class "ventasModel" not found
in APPPATH\Controllers\Ventas.php on line 17.
 1 SYSTEMPATH\CodeIgniter.php(941): App\Controllers\Ventas->ver()
 2 SYSTEMPATH\CodeIgniter.php(502): CodeIgniter\CodeIgniter->runController(Object(App\Controllers\Ventas))
 3 SYSTEMPATH\CodeIgniter.php(361): CodeIgniter\CodeIgniter->handleRequest(null, Object(Config\Cache), false)
 4 FCPATH\index.php(79): CodeIgniter\CodeIgniter->run()
CRITICAL - 2024-02-07 23:51:08 --> Error: Class "ventasModel" not found
in APPPATH\Controllers\Ventas.php on line 17.
 1 SYSTEMPATH\CodeIgniter.php(941): App\Controllers\Ventas->ver()
 2 SYSTEMPATH\CodeIgniter.php(502): CodeIgniter\CodeIgniter->runController(Object(App\Controllers\Ventas))
 3 SYSTEMPATH\CodeIgniter.php(361): CodeIgniter\CodeIgniter->handleRequest(null, Object(Config\Cache), false)
 4 FCPATH\index.php(79): CodeIgniter\CodeIgniter->run()
CRITICAL - 2024-02-07 23:51:08 --> Error: Class "ventasModel" not found
in APPPATH\Controllers\Ventas.php on line 17.
 1 SYSTEMPATH\CodeIgniter.php(941): App\Controllers\Ventas->ver()
 2 SYSTEMPATH\CodeIgniter.php(502): CodeIgniter\CodeIgniter->runController(Object(App\Controllers\Ventas))
 3 SYSTEMPATH\CodeIgniter.php(361): CodeIgniter\CodeIgniter->handleRequest(null, Object(Config\Cache), false)
 4 FCPATH\index.php(79): CodeIgniter\CodeIgniter->run()
CRITICAL - 2024-02-07 23:51:08 --> Error: Class "ventasModel" not found
in APPPATH\Controllers\Ventas.php on line 17.
 1 SYSTEMPATH\CodeIgniter.php(941): App\Controllers\Ventas->ver()
 2 SYSTEMPATH\CodeIgniter.php(502): CodeIgniter\CodeIgniter->runController(Object(App\Controllers\Ventas))
 3 SYSTEMPATH\CodeIgniter.php(361): CodeIgniter\CodeIgniter->handleRequest(null, Object(Config\Cache), false)
 4 FCPATH\index.php(79): CodeIgniter\CodeIgniter->run()
CRITICAL - 2024-02-07 23:51:45 --> Error: Class "ventasModel" not found
in APPPATH\Controllers\Ventas.php on line 17.
 1 SYSTEMPATH\CodeIgniter.php(941): App\Controllers\Ventas->ver()
 2 SYSTEMPATH\CodeIgniter.php(502): CodeIgniter\CodeIgniter->runController(Object(App\Controllers\Ventas))
 3 SYSTEMPATH\CodeIgniter.php(361): CodeIgniter\CodeIgniter->handleRequest(null, Object(Config\Cache), false)
 4 FCPATH\index.php(79): CodeIgniter\CodeIgniter->run()
CRITICAL - 2024-02-07 23:52:07 --> Error: Class "ventasModel" not found
in APPPATH\Controllers\Ventas.php on line 17.
 1 SYSTEMPATH\CodeIgniter.php(941): App\Controllers\Ventas->ver()
 2 SYSTEMPATH\CodeIgniter.php(502): CodeIgniter\CodeIgniter->runController(Object(App\Controllers\Ventas))
 3 SYSTEMPATH\CodeIgniter.php(361): CodeIgniter\CodeIgniter->handleRequest(null, Object(Config\Cache), false)
 4 FCPATH\index.php(79): CodeIgniter\CodeIgniter->run()
CRITICAL - 2024-02-07 23:52:07 --> Error: Class "ventasModel" not found
in APPPATH\Controllers\Ventas.php on line 17.
 1 SYSTEMPATH\CodeIgniter.php(941): App\Controllers\Ventas->ver()
 2 SYSTEMPATH\CodeIgniter.php(502): CodeIgniter\CodeIgniter->runController(Object(App\Controllers\Ventas))
 3 SYSTEMPATH\CodeIgniter.php(361): CodeIgniter\CodeIgniter->handleRequest(null, Object(Config\Cache), false)
 4 FCPATH\index.php(79): CodeIgniter\CodeIgniter->run()
CRITICAL - 2024-02-07 23:52:08 --> Error: Class "ventasModel" not found
in APPPATH\Controllers\Ventas.php on line 17.
 1 SYSTEMPATH\CodeIgniter.php(941): App\Controllers\Ventas->ver()
 2 SYSTEMPATH\CodeIgniter.php(502): CodeIgniter\CodeIgniter->runController(Object(App\Controllers\Ventas))
 3 SYSTEMPATH\CodeIgniter.php(361): CodeIgniter\CodeIgniter->handleRequest(null, Object(Config\Cache), false)
 4 FCPATH\index.php(79): CodeIgniter\CodeIgniter->run()
CRITICAL - 2024-02-07 23:52:33 --> ErrorException: Undefined variable $data
in APPPATH\Views\verVentas.php on line 48.
 1 APPPATH\Views\verVentas.php(48): CodeIgniter\Debug\Exceptions->errorHandler(2, 'Undefined variable $data', 'C:\\xampp\\htdocs\\examenFinal\\app\\Views\\verVentas.php', 48)
 2 SYSTEMPATH\View\View.php(228): include('C:\\xampp\\htdocs\\examenFinal\\app\\Views\\verVentas.php')
 3 SYSTEMPATH\View\View.php(231): CodeIgniter\View\View->CodeIgniter\View\{closure}()
 4 SYSTEMPATH\Common.php(1178): CodeIgniter\View\View->render('verVentas', [], true)
 5 APPPATH\Controllers\Ventas.php(20): view('verVentas', [...])
 6 SYSTEMPATH\CodeIgniter.php(941): App\Controllers\Ventas->ver()
 7 SYSTEMPATH\CodeIgniter.php(502): CodeIgniter\CodeIgniter->runController(Object(App\Controllers\Ventas))
 8 SYSTEMPATH\CodeIgniter.php(361): CodeIgniter\CodeIgniter->handleRequest(null, Object(Config\Cache), false)
 9 FCPATH\index.php(79): CodeIgniter\CodeIgniter->run()
CRITICAL - 2024-02-07 23:52:34 --> ErrorException: Undefined variable $data
in APPPATH\Views\verVentas.php on line 48.
 1 APPPATH\Views\verVentas.php(48): CodeIgniter\Debug\Exceptions->errorHandler(2, 'Undefined variable $data', 'C:\\xampp\\htdocs\\examenFinal\\app\\Views\\verVentas.php', 48)
 2 SYSTEMPATH\View\View.php(228): include('C:\\xampp\\htdocs\\examenFinal\\app\\Views\\verVentas.php')
 3 SYSTEMPATH\View\View.php(231): CodeIgniter\View\View->CodeIgniter\View\{closure}()
 4 SYSTEMPATH\Common.php(1178): CodeIgniter\View\View->render('verVentas', [], true)
 5 APPPATH\Controllers\Ventas.php(20): view('verVentas', [...])
 6 SYSTEMPATH\CodeIgniter.php(941): App\Controllers\Ventas->ver()
 7 SYSTEMPATH\CodeIgniter.php(502): CodeIgniter\CodeIgniter->runController(Object(App\Controllers\Ventas))
 8 SYSTEMPATH\CodeIgniter.php(361): CodeIgniter\CodeIgniter->handleRequest(null, Object(Config\Cache), false)
 9 FCPATH\index.php(79): CodeIgniter\CodeIgniter->run()
CRITICAL - 2024-02-07 23:52:34 --> ErrorException: Undefined variable $data
in APPPATH\Views\verVentas.php on line 48.
 1 APPPATH\Views\verVentas.php(48): CodeIgniter\Debug\Exceptions->errorHandler(2, 'Undefined variable $data', 'C:\\xampp\\htdocs\\examenFinal\\app\\Views\\verVentas.php', 48)
 2 SYSTEMPATH\View\View.php(228): include('C:\\xampp\\htdocs\\examenFinal\\app\\Views\\verVentas.php')
 3 SYSTEMPATH\View\View.php(231): CodeIgniter\View\View->CodeIgniter\View\{closure}()
 4 SYSTEMPATH\Common.php(1178): CodeIgniter\View\View->render('verVentas', [], true)
 5 APPPATH\Controllers\Ventas.php(20): view('verVentas', [...])
 6 SYSTEMPATH\CodeIgniter.php(941): App\Controllers\Ventas->ver()
 7 SYSTEMPATH\CodeIgniter.php(502): CodeIgniter\CodeIgniter->runController(Object(App\Controllers\Ventas))
 8 SYSTEMPATH\CodeIgniter.php(361): CodeIgniter\CodeIgniter->handleRequest(null, Object(Config\Cache), false)
 9 FCPATH\index.php(79): CodeIgniter\CodeIgniter->run()
CRITICAL - 2024-02-07 23:52:35 --> ErrorException: Undefined variable $data
in APPPATH\Views\verVentas.php on line 48.
 1 APPPATH\Views\verVentas.php(48): CodeIgniter\Debug\Exceptions->errorHandler(2, 'Undefined variable $data', 'C:\\xampp\\htdocs\\examenFinal\\app\\Views\\verVentas.php', 48)
 2 SYSTEMPATH\View\View.php(228): include('C:\\xampp\\htdocs\\examenFinal\\app\\Views\\verVentas.php')
 3 SYSTEMPATH\View\View.php(231): CodeIgniter\View\View->CodeIgniter\View\{closure}()
 4 SYSTEMPATH\Common.php(1178): CodeIgniter\View\View->render('verVentas', [], true)
 5 APPPATH\Controllers\Ventas.php(20): view('verVentas', [...])
 6 SYSTEMPATH\CodeIgniter.php(941): App\Controllers\Ventas->ver()
 7 SYSTEMPATH\CodeIgniter.php(502): CodeIgniter\CodeIgniter->runController(Object(App\Controllers\Ventas))
 8 SYSTEMPATH\CodeIgniter.php(361): CodeIgniter\CodeIgniter->handleRequest(null, Object(Config\Cache), false)
 9 FCPATH\index.php(79): CodeIgniter\CodeIgniter->run()
CRITICAL - 2024-02-07 23:53:16 --> ErrorException: Array to string conversion
in APPPATH\Controllers\Ventas.php on line 20.
 1 APPPATH\Controllers\Ventas.php(20): CodeIgniter\Debug\Exceptions->errorHandler(2, 'Array to string conversion', 'C:\\xampp\\htdocs\\examenFinal\\app\\Controllers\\Ventas.php', 20)
 2 SYSTEMPATH\CodeIgniter.php(941): App\Controllers\Ventas->ver()
 3 SYSTEMPATH\CodeIgniter.php(502): CodeIgniter\CodeIgniter->runController(Object(App\Controllers\Ventas))
 4 SYSTEMPATH\CodeIgniter.php(361): CodeIgniter\CodeIgniter->handleRequest(null, Object(Config\Cache), false)
 5 FCPATH\index.php(79): CodeIgniter\CodeIgniter->run()
CRITICAL - 2024-02-07 23:53:29 --> ErrorException: Undefined variable $data
in APPPATH\Views\verVentas.php on line 48.
 1 APPPATH\Views\verVentas.php(48): CodeIgniter\Debug\Exceptions->errorHandler(2, 'Undefined variable $data', 'C:\\xampp\\htdocs\\examenFinal\\app\\Views\\verVentas.php', 48)
 2 SYSTEMPATH\View\View.php(228): include('C:\\xampp\\htdocs\\examenFinal\\app\\Views\\verVentas.php')
 3 SYSTEMPATH\View\View.php(231): CodeIgniter\View\View->CodeIgniter\View\{closure}()
 4 SYSTEMPATH\Common.php(1178): CodeIgniter\View\View->render('verVentas', [], true)
 5 APPPATH\Controllers\Ventas.php(20): view('verVentas', [...])
 6 SYSTEMPATH\CodeIgniter.php(941): App\Controllers\Ventas->ver()
 7 SYSTEMPATH\CodeIgniter.php(502): CodeIgniter\CodeIgniter->runController(Object(App\Controllers\Ventas))
 8 SYSTEMPATH\CodeIgniter.php(361): CodeIgniter\CodeIgniter->handleRequest(null, Object(Config\Cache), false)
 9 FCPATH\index.php(79): CodeIgniter\CodeIgniter->run()
CRITICAL - 2024-02-07 23:53:29 --> ErrorException: Undefined variable $data
in APPPATH\Views\verVentas.php on line 48.
 1 APPPATH\Views\verVentas.php(48): CodeIgniter\Debug\Exceptions->errorHandler(2, 'Undefined variable $data', 'C:\\xampp\\htdocs\\examenFinal\\app\\Views\\verVentas.php', 48)
 2 SYSTEMPATH\View\View.php(228): include('C:\\xampp\\htdocs\\examenFinal\\app\\Views\\verVentas.php')
 3 SYSTEMPATH\View\View.php(231): CodeIgniter\View\View->CodeIgniter\View\{closure}()
 4 SYSTEMPATH\Common.php(1178): CodeIgniter\View\View->render('verVentas', [], true)
 5 APPPATH\Controllers\Ventas.php(20): view('verVentas', [...])
 6 SYSTEMPATH\CodeIgniter.php(941): App\Controllers\Ventas->ver()
 7 SYSTEMPATH\CodeIgniter.php(502): CodeIgniter\CodeIgniter->runController(Object(App\Controllers\Ventas))
 8 SYSTEMPATH\CodeIgniter.php(361): CodeIgniter\CodeIgniter->handleRequest(null, Object(Config\Cache), false)
 9 FCPATH\index.php(79): CodeIgniter\CodeIgniter->run()
CRITICAL - 2024-02-07 23:53:30 --> ErrorException: Undefined variable $data
in APPPATH\Views\verVentas.php on line 48.
 1 APPPATH\Views\verVentas.php(48): CodeIgniter\Debug\Exceptions->errorHandler(2, 'Undefined variable $data', 'C:\\xampp\\htdocs\\examenFinal\\app\\Views\\verVentas.php', 48)
 2 SYSTEMPATH\View\View.php(228): include('C:\\xampp\\htdocs\\examenFinal\\app\\Views\\verVentas.php')
 3 SYSTEMPATH\View\View.php(231): CodeIgniter\View\View->CodeIgniter\View\{closure}()
 4 SYSTEMPATH\Common.php(1178): CodeIgniter\View\View->render('verVentas', [], true)
 5 APPPATH\Controllers\Ventas.php(20): view('verVentas', [...])
 6 SYSTEMPATH\CodeIgniter.php(941): App\Controllers\Ventas->ver()
 7 SYSTEMPATH\CodeIgniter.php(502): CodeIgniter\CodeIgniter->runController(Object(App\Controllers\Ventas))
 8 SYSTEMPATH\CodeIgniter.php(361): CodeIgniter\CodeIgniter->handleRequest(null, Object(Config\Cache), false)
 9 FCPATH\index.php(79): CodeIgniter\CodeIgniter->run()
CRITICAL - 2024-02-07 23:53:30 --> ErrorException: Undefined variable $data
in APPPATH\Views\verVentas.php on line 48.
 1 APPPATH\Views\verVentas.php(48): CodeIgniter\Debug\Exceptions->errorHandler(2, 'Undefined variable $data', 'C:\\xampp\\htdocs\\examenFinal\\app\\Views\\verVentas.php', 48)
 2 SYSTEMPATH\View\View.php(228): include('C:\\xampp\\htdocs\\examenFinal\\app\\Views\\verVentas.php')
 3 SYSTEMPATH\View\View.php(231): CodeIgniter\View\View->CodeIgniter\View\{closure}()
 4 SYSTEMPATH\Common.php(1178): CodeIgniter\View\View->render('verVentas', [], true)
 5 APPPATH\Controllers\Ventas.php(20): view('verVentas', [...])
 6 SYSTEMPATH\CodeIgniter.php(941): App\Controllers\Ventas->ver()
 7 SYSTEMPATH\CodeIgniter.php(502): CodeIgniter\CodeIgniter->runController(Object(App\Controllers\Ventas))
 8 SYSTEMPATH\CodeIgniter.php(361): CodeIgniter\CodeIgniter->handleRequest(null, Object(Config\Cache), false)
 9 FCPATH\index.php(79): CodeIgniter\CodeIgniter->run()
CRITICAL - 2024-02-07 23:53:30 --> ErrorException: Undefined variable $data
in APPPATH\Views\verVentas.php on line 48.
 1 APPPATH\Views\verVentas.php(48): CodeIgniter\Debug\Exceptions->errorHandler(2, 'Undefined variable $data', 'C:\\xampp\\htdocs\\examenFinal\\app\\Views\\verVentas.php', 48)
 2 SYSTEMPATH\View\View.php(228): include('C:\\xampp\\htdocs\\examenFinal\\app\\Views\\verVentas.php')
 3 SYSTEMPATH\View\View.php(231): CodeIgniter\View\View->CodeIgniter\View\{closure}()
 4 SYSTEMPATH\Common.php(1178): CodeIgniter\View\View->render('verVentas', [], true)
 5 APPPATH\Controllers\Ventas.php(20): view('verVentas', [...])
 6 SYSTEMPATH\CodeIgniter.php(941): App\Controllers\Ventas->ver()
 7 SYSTEMPATH\CodeIgniter.php(502): CodeIgniter\CodeIgniter->runController(Object(App\Controllers\Ventas))
 8 SYSTEMPATH\CodeIgniter.php(361): CodeIgniter\CodeIgniter->handleRequest(null, Object(Config\Cache), false)
 9 FCPATH\index.php(79): CodeIgniter\CodeIgniter->run()
CRITICAL - 2024-02-07 23:53:30 --> ErrorException: Undefined variable $data
in APPPATH\Views\verVentas.php on line 48.
 1 APPPATH\Views\verVentas.php(48): CodeIgniter\Debug\Exceptions->errorHandler(2, 'Undefined variable $data', 'C:\\xampp\\htdocs\\examenFinal\\app\\Views\\verVentas.php', 48)
 2 SYSTEMPATH\View\View.php(228): include('C:\\xampp\\htdocs\\examenFinal\\app\\Views\\verVentas.php')
 3 SYSTEMPATH\View\View.php(231): CodeIgniter\View\View->CodeIgniter\View\{closure}()
 4 SYSTEMPATH\Common.php(1178): CodeIgniter\View\View->render('verVentas', [], true)
 5 APPPATH\Controllers\Ventas.php(20): view('verVentas', [...])
 6 SYSTEMPATH\CodeIgniter.php(941): App\Controllers\Ventas->ver()
 7 SYSTEMPATH\CodeIgniter.php(502): CodeIgniter\CodeIgniter->runController(Object(App\Controllers\Ventas))
 8 SYSTEMPATH\CodeIgniter.php(361): CodeIgniter\CodeIgniter->handleRequest(null, Object(Config\Cache), false)
 9 FCPATH\index.php(79): CodeIgniter\CodeIgniter->run()
CRITICAL - 2024-02-07 23:53:57 --> ErrorException: Array to string conversion
in APPPATH\Views\verVentas.php on line 48.
 1 APPPATH\Views\verVentas.php(48): CodeIgniter\Debug\Exceptions->errorHandler(2, 'Array to string conversion', 'C:\\xampp\\htdocs\\examenFinal\\app\\Views\\verVentas.php', 48)
 2 SYSTEMPATH\View\View.php(228): include('C:\\xampp\\htdocs\\examenFinal\\app\\Views\\verVentas.php')
 3 SYSTEMPATH\View\View.php(231): CodeIgniter\View\View->CodeIgniter\View\{closure}()
 4 SYSTEMPATH\Common.php(1178): CodeIgniter\View\View->render('verVentas', [], true)
 5 APPPATH\Controllers\Ventas.php(20): view('verVentas', [...])
 6 SYSTEMPATH\CodeIgniter.php(941): App\Controllers\Ventas->ver()
 7 SYSTEMPATH\CodeIgniter.php(502): CodeIgniter\CodeIgniter->runController(Object(App\Controllers\Ventas))
 8 SYSTEMPATH\CodeIgniter.php(361): CodeIgniter\CodeIgniter->handleRequest(null, Object(Config\Cache), false)
 9 FCPATH\index.php(79): CodeIgniter\CodeIgniter->run()
CRITICAL - 2024-02-07 23:54:29 --> ErrorException: Array to string conversion
in APPPATH\Views\verVentas.php on line 48.
 1 APPPATH\Views\verVentas.php(48): CodeIgniter\Debug\Exceptions->errorHandler(2, 'Array to string conversion', 'C:\\xampp\\htdocs\\examenFinal\\app\\Views\\verVentas.php', 48)
 2 SYSTEMPATH\View\View.php(228): include('C:\\xampp\\htdocs\\examenFinal\\app\\Views\\verVentas.php')
 3 SYSTEMPATH\View\View.php(231): CodeIgniter\View\View->CodeIgniter\View\{closure}()
 4 SYSTEMPATH\Common.php(1178): CodeIgniter\View\View->render('verVentas', [], true)
 5 APPPATH\Controllers\Ventas.php(20): view('verVentas', [...])
 6 SYSTEMPATH\CodeIgniter.php(941): App\Controllers\Ventas->ver()
 7 SYSTEMPATH\CodeIgniter.php(502): CodeIgniter\CodeIgniter->runController(Object(App\Controllers\Ventas))
 8 SYSTEMPATH\CodeIgniter.php(361): CodeIgniter\CodeIgniter->handleRequest(null, Object(Config\Cache), false)
 9 FCPATH\index.php(79): CodeIgniter\CodeIgniter->run()
CRITICAL - 2024-02-07 23:55:06 --> ErrorException: Array to string conversion
in APPPATH\Views\verVentas.php on line 48.
 1 APPPATH\Views\verVentas.php(48): CodeIgniter\Debug\Exceptions->errorHandler(2, 'Array to string conversion', 'C:\\xampp\\htdocs\\examenFinal\\app\\Views\\verVentas.php', 48)
 2 SYSTEMPATH\View\View.php(228): include('C:\\xampp\\htdocs\\examenFinal\\app\\Views\\verVentas.php')
 3 SYSTEMPATH\View\View.php(231): CodeIgniter\View\View->CodeIgniter\View\{closure}()
 4 SYSTEMPATH\Common.php(1178): CodeIgniter\View\View->render('verVentas', [], true)
 5 APPPATH\Controllers\Ventas.php(20): view('verVentas', [...])
 6 SYSTEMPATH\CodeIgniter.php(941): App\Controllers\Ventas->ver()
 7 SYSTEMPATH\CodeIgniter.php(502): CodeIgniter\CodeIgniter->runController(Object(App\Controllers\Ventas))
 8 SYSTEMPATH\CodeIgniter.php(361): CodeIgniter\CodeIgniter->handleRequest(null, Object(Config\Cache), false)
 9 FCPATH\index.php(79): CodeIgniter\CodeIgniter->run()
CRITICAL - 2024-02-07 23:55:06 --> ErrorException: Array to string conversion
in APPPATH\Views\verVentas.php on line 48.
 1 APPPATH\Views\verVentas.php(48): CodeIgniter\Debug\Exceptions->errorHandler(2, 'Array to string conversion', 'C:\\xampp\\htdocs\\examenFinal\\app\\Views\\verVentas.php', 48)
 2 SYSTEMPATH\View\View.php(228): include('C:\\xampp\\htdocs\\examenFinal\\app\\Views\\verVentas.php')
 3 SYSTEMPATH\View\View.php(231): CodeIgniter\View\View->CodeIgniter\View\{closure}()
 4 SYSTEMPATH\Common.php(1178): CodeIgniter\View\View->render('verVentas', [], true)
 5 APPPATH\Controllers\Ventas.php(20): view('verVentas', [...])
 6 SYSTEMPATH\CodeIgniter.php(941): App\Controllers\Ventas->ver()
 7 SYSTEMPATH\CodeIgniter.php(502): CodeIgniter\CodeIgniter->runController(Object(App\Controllers\Ventas))
 8 SYSTEMPATH\CodeIgniter.php(361): CodeIgniter\CodeIgniter->handleRequest(null, Object(Config\Cache), false)
 9 FCPATH\index.php(79): CodeIgniter\CodeIgniter->run()
CRITICAL - 2024-02-07 23:55:07 --> ErrorException: Array to string conversion
in APPPATH\Views\verVentas.php on line 48.
 1 APPPATH\Views\verVentas.php(48): CodeIgniter\Debug\Exceptions->errorHandler(2, 'Array to string conversion', 'C:\\xampp\\htdocs\\examenFinal\\app\\Views\\verVentas.php', 48)
 2 SYSTEMPATH\View\View.php(228): include('C:\\xampp\\htdocs\\examenFinal\\app\\Views\\verVentas.php')
 3 SYSTEMPATH\View\View.php(231): CodeIgniter\View\View->CodeIgniter\View\{closure}()
 4 SYSTEMPATH\Common.php(1178): CodeIgniter\View\View->render('verVentas', [], true)
 5 APPPATH\Controllers\Ventas.php(20): view('verVentas', [...])
 6 SYSTEMPATH\CodeIgniter.php(941): App\Controllers\Ventas->ver()
 7 SYSTEMPATH\CodeIgniter.php(502): CodeIgniter\CodeIgniter->runController(Object(App\Controllers\Ventas))
 8 SYSTEMPATH\CodeIgniter.php(361): CodeIgniter\CodeIgniter->handleRequest(null, Object(Config\Cache), false)
 9 FCPATH\index.php(79): CodeIgniter\CodeIgniter->run()
CRITICAL - 2024-02-07 23:55:07 --> ErrorException: Array to string conversion
in APPPATH\Views\verVentas.php on line 48.
 1 APPPATH\Views\verVentas.php(48): CodeIgniter\Debug\Exceptions->errorHandler(2, 'Array to string conversion', 'C:\\xampp\\htdocs\\examenFinal\\app\\Views\\verVentas.php', 48)
 2 SYSTEMPATH\View\View.php(228): include('C:\\xampp\\htdocs\\examenFinal\\app\\Views\\verVentas.php')
 3 SYSTEMPATH\View\View.php(231): CodeIgniter\View\View->CodeIgniter\View\{closure}()
 4 SYSTEMPATH\Common.php(1178): CodeIgniter\View\View->render('verVentas', [], true)
 5 APPPATH\Controllers\Ventas.php(20): view('verVentas', [...])
 6 SYSTEMPATH\CodeIgniter.php(941): App\Controllers\Ventas->ver()
 7 SYSTEMPATH\CodeIgniter.php(502): CodeIgniter\CodeIgniter->runController(Object(App\Controllers\Ventas))
 8 SYSTEMPATH\CodeIgniter.php(361): CodeIgniter\CodeIgniter->handleRequest(null, Object(Config\Cache), false)
 9 FCPATH\index.php(79): CodeIgniter\CodeIgniter->run()
CRITICAL - 2024-02-07 23:55:07 --> ErrorException: Array to string conversion
in APPPATH\Views\verVentas.php on line 48.
 1 APPPATH\Views\verVentas.php(48): CodeIgniter\Debug\Exceptions->errorHandler(2, 'Array to string conversion', 'C:\\xampp\\htdocs\\examenFinal\\app\\Views\\verVentas.php', 48)
 2 SYSTEMPATH\View\View.php(228): include('C:\\xampp\\htdocs\\examenFinal\\app\\Views\\verVentas.php')
 3 SYSTEMPATH\View\View.php(231): CodeIgniter\View\View->CodeIgniter\View\{closure}()
 4 SYSTEMPATH\Common.php(1178): CodeIgniter\View\View->render('verVentas', [], true)
 5 APPPATH\Controllers\Ventas.php(20): view('verVentas', [...])
 6 SYSTEMPATH\CodeIgniter.php(941): App\Controllers\Ventas->ver()
 7 SYSTEMPATH\CodeIgniter.php(502): CodeIgniter\CodeIgniter->runController(Object(App\Controllers\Ventas))
 8 SYSTEMPATH\CodeIgniter.php(361): CodeIgniter\CodeIgniter->handleRequest(null, Object(Config\Cache), false)
 9 FCPATH\index.php(79): CodeIgniter\CodeIgniter->run()
CRITICAL - 2024-02-07 23:55:07 --> ErrorException: Array to string conversion
in APPPATH\Views\verVentas.php on line 48.
 1 APPPATH\Views\verVentas.php(48): CodeIgniter\Debug\Exceptions->errorHandler(2, 'Array to string conversion', 'C:\\xampp\\htdocs\\examenFinal\\app\\Views\\verVentas.php', 48)
 2 SYSTEMPATH\View\View.php(228): include('C:\\xampp\\htdocs\\examenFinal\\app\\Views\\verVentas.php')
 3 SYSTEMPATH\View\View.php(231): CodeIgniter\View\View->CodeIgniter\View\{closure}()
 4 SYSTEMPATH\Common.php(1178): CodeIgniter\View\View->render('verVentas', [], true)
 5 APPPATH\Controllers\Ventas.php(20): view('verVentas', [...])
 6 SYSTEMPATH\CodeIgniter.php(941): App\Controllers\Ventas->ver()
 7 SYSTEMPATH\CodeIgniter.php(502): CodeIgniter\CodeIgniter->runController(Object(App\Controllers\Ventas))
 8 SYSTEMPATH\CodeIgniter.php(361): CodeIgniter\CodeIgniter->handleRequest(null, Object(Config\Cache), false)
 9 FCPATH\index.php(79): CodeIgniter\CodeIgniter->run()
CRITICAL - 2024-02-07 23:55:10 --> ErrorException: Array to string conversion
in APPPATH\Views\verVentas.php on line 48.
 1 APPPATH\Views\verVentas.php(48): CodeIgniter\Debug\Exceptions->errorHandler(2, 'Array to string conversion', 'C:\\xampp\\htdocs\\examenFinal\\app\\Views\\verVentas.php', 48)
 2 SYSTEMPATH\View\View.php(228): include('C:\\xampp\\htdocs\\examenFinal\\app\\Views\\verVentas.php')
 3 SYSTEMPATH\View\View.php(231): CodeIgniter\View\View->CodeIgniter\View\{closure}()
 4 SYSTEMPATH\Common.php(1178): CodeIgniter\View\View->render('verVentas', [], true)
 5 APPPATH\Controllers\Ventas.php(20): view('verVentas', [...])
 6 SYSTEMPATH\CodeIgniter.php(941): App\Controllers\Ventas->ver()
 7 SYSTEMPATH\CodeIgniter.php(502): CodeIgniter\CodeIgniter->runController(Object(App\Controllers\Ventas))
 8 SYSTEMPATH\CodeIgniter.php(361): CodeIgniter\CodeIgniter->handleRequest(null, Object(Config\Cache), false)
 9 FCPATH\index.php(79): CodeIgniter\CodeIgniter->run()
CRITICAL - 2024-02-07 23:55:50 --> ErrorException: Array to string conversion
in APPPATH\Views\verVentas.php on line 48.
 1 APPPATH\Views\verVentas.php(48): CodeIgniter\Debug\Exceptions->errorHandler(2, 'Array to string conversion', 'C:\\xampp\\htdocs\\examenFinal\\app\\Views\\verVentas.php', 48)
 2 SYSTEMPATH\View\View.php(228): include('C:\\xampp\\htdocs\\examenFinal\\app\\Views\\verVentas.php')
 3 SYSTEMPATH\View\View.php(231): CodeIgniter\View\View->CodeIgniter\View\{closure}()
 4 SYSTEMPATH\Common.php(1178): CodeIgniter\View\View->render('verVentas', [], true)
 5 APPPATH\Controllers\Ventas.php(20): view('verVentas', [...])
 6 SYSTEMPATH\CodeIgniter.php(941): App\Controllers\Ventas->ver()
 7 SYSTEMPATH\CodeIgniter.php(502): CodeIgniter\CodeIgniter->runController(Object(App\Controllers\Ventas))
 8 SYSTEMPATH\CodeIgniter.php(361): CodeIgniter\CodeIgniter->handleRequest(null, Object(Config\Cache), false)
 9 FCPATH\index.php(79): CodeIgniter\CodeIgniter->run()
CRITICAL - 2024-02-07 23:56:10 --> ErrorException: Array to string conversion
in APPPATH\Views\verVentas.php on line 48.
 1 APPPATH\Views\verVentas.php(48): CodeIgniter\Debug\Exceptions->errorHandler(2, 'Array to string conversion', 'C:\\xampp\\htdocs\\examenFinal\\app\\Views\\verVentas.php', 48)
 2 SYSTEMPATH\View\View.php(228): include('C:\\xampp\\htdocs\\examenFinal\\app\\Views\\verVentas.php')
 3 SYSTEMPATH\View\View.php(231): CodeIgniter\View\View->CodeIgniter\View\{closure}()
 4 SYSTEMPATH\Common.php(1178): CodeIgniter\View\View->render('verVentas', [], true)
 5 APPPATH\Controllers\Ventas.php(20): view('verVentas', [...])
 6 SYSTEMPATH\CodeIgniter.php(941): App\Controllers\Ventas->ver()
 7 SYSTEMPATH\CodeIgniter.php(502): CodeIgniter\CodeIgniter->runController(Object(App\Controllers\Ventas))
 8 SYSTEMPATH\CodeIgniter.php(361): CodeIgniter\CodeIgniter->handleRequest(null, Object(Config\Cache), false)
 9 FCPATH\index.php(79): CodeIgniter\CodeIgniter->run()
CRITICAL - 2024-02-07 23:56:49 --> ErrorException: Array to string conversion
in APPPATH\Views\verVentas.php on line 48.
 1 APPPATH\Views\verVentas.php(48): CodeIgniter\Debug\Exceptions->errorHandler(2, 'Array to string conversion', 'C:\\xampp\\htdocs\\examenFinal\\app\\Views\\verVentas.php', 48)
 2 SYSTEMPATH\View\View.php(228): include('C:\\xampp\\htdocs\\examenFinal\\app\\Views\\verVentas.php')
 3 SYSTEMPATH\View\View.php(231): CodeIgniter\View\View->CodeIgniter\View\{closure}()
 4 SYSTEMPATH\Common.php(1178): CodeIgniter\View\View->render('verVentas', [], true)
 5 APPPATH\Controllers\Ventas.php(20): view('verVentas', [...])
 6 SYSTEMPATH\CodeIgniter.php(941): App\Controllers\Ventas->ver()
 7 SYSTEMPATH\CodeIgniter.php(502): CodeIgniter\CodeIgniter->runController(Object(App\Controllers\Ventas))
 8 SYSTEMPATH\CodeIgniter.php(361): CodeIgniter\CodeIgniter->handleRequest(null, Object(Config\Cache), false)
 9 FCPATH\index.php(79): CodeIgniter\CodeIgniter->run()
CRITICAL - 2024-02-07 23:57:14 --> ErrorException: Array to string conversion
in APPPATH\Views\verVentas.php on line 48.
 1 APPPATH\Views\verVentas.php(48): CodeIgniter\Debug\Exceptions->errorHandler(2, 'Array to string conversion', 'C:\\xampp\\htdocs\\examenFinal\\app\\Views\\verVentas.php', 48)
 2 SYSTEMPATH\View\View.php(228): include('C:\\xampp\\htdocs\\examenFinal\\app\\Views\\verVentas.php')
 3 SYSTEMPATH\View\View.php(231): CodeIgniter\View\View->CodeIgniter\View\{closure}()
 4 SYSTEMPATH\Common.php(1178): CodeIgniter\View\View->render('verVentas', [], true)
 5 APPPATH\Controllers\Ventas.php(20): view('verVentas', [...])
 6 SYSTEMPATH\CodeIgniter.php(941): App\Controllers\Ventas->ver()
 7 SYSTEMPATH\CodeIgniter.php(502): CodeIgniter\CodeIgniter->runController(Object(App\Controllers\Ventas))
 8 SYSTEMPATH\CodeIgniter.php(361): CodeIgniter\CodeIgniter->handleRequest(null, Object(Config\Cache), false)
 9 FCPATH\index.php(79): CodeIgniter\CodeIgniter->run()
CRITICAL - 2024-02-07 23:57:46 --> ErrorException: Array to string conversion
in APPPATH\Views\verVentas.php on line 48.
 1 APPPATH\Views\verVentas.php(48): CodeIgniter\Debug\Exceptions->errorHandler(2, 'Array to string conversion', 'C:\\xampp\\htdocs\\examenFinal\\app\\Views\\verVentas.php', 48)
 2 SYSTEMPATH\View\View.php(228): include('C:\\xampp\\htdocs\\examenFinal\\app\\Views\\verVentas.php')
 3 SYSTEMPATH\View\View.php(231): CodeIgniter\View\View->CodeIgniter\View\{closure}()
 4 SYSTEMPATH\Common.php(1178): CodeIgniter\View\View->render('verVentas', [], true)
 5 APPPATH\Controllers\Ventas.php(20): view('verVentas', [...])
 6 SYSTEMPATH\CodeIgniter.php(941): App\Controllers\Ventas->ver()
 7 SYSTEMPATH\CodeIgniter.php(502): CodeIgniter\CodeIgniter->runController(Object(App\Controllers\Ventas))
 8 SYSTEMPATH\CodeIgniter.php(361): CodeIgniter\CodeIgniter->handleRequest(null, Object(Config\Cache), false)
 9 FCPATH\index.php(79): CodeIgniter\CodeIgniter->run()
CRITICAL - 2024-02-07 23:57:46 --> ErrorException: Array to string conversion
in APPPATH\Views\verVentas.php on line 48.
 1 APPPATH\Views\verVentas.php(48): CodeIgniter\Debug\Exceptions->errorHandler(2, 'Array to string conversion', 'C:\\xampp\\htdocs\\examenFinal\\app\\Views\\verVentas.php', 48)
 2 SYSTEMPATH\View\View.php(228): include('C:\\xampp\\htdocs\\examenFinal\\app\\Views\\verVentas.php')
 3 SYSTEMPATH\View\View.php(231): CodeIgniter\View\View->CodeIgniter\View\{closure}()
 4 SYSTEMPATH\Common.php(1178): CodeIgniter\View\View->render('verVentas', [], true)
 5 APPPATH\Controllers\Ventas.php(20): view('verVentas', [...])
 6 SYSTEMPATH\CodeIgniter.php(941): App\Controllers\Ventas->ver()
 7 SYSTEMPATH\CodeIgniter.php(502): CodeIgniter\CodeIgniter->runController(Object(App\Controllers\Ventas))
 8 SYSTEMPATH\CodeIgniter.php(361): CodeIgniter\CodeIgniter->handleRequest(null, Object(Config\Cache), false)
 9 FCPATH\index.php(79): CodeIgniter\CodeIgniter->run()
CRITICAL - 2024-02-07 23:57:46 --> ErrorException: Array to string conversion
in APPPATH\Views\verVentas.php on line 48.
 1 APPPATH\Views\verVentas.php(48): CodeIgniter\Debug\Exceptions->errorHandler(2, 'Array to string conversion', 'C:\\xampp\\htdocs\\examenFinal\\app\\Views\\verVentas.php', 48)
 2 SYSTEMPATH\View\View.php(228): include('C:\\xampp\\htdocs\\examenFinal\\app\\Views\\verVentas.php')
 3 SYSTEMPATH\View\View.php(231): CodeIgniter\View\View->CodeIgniter\View\{closure}()
 4 SYSTEMPATH\Common.php(1178): CodeIgniter\View\View->render('verVentas', [], true)
 5 APPPATH\Controllers\Ventas.php(20): view('verVentas', [...])
 6 SYSTEMPATH\CodeIgniter.php(941): App\Controllers\Ventas->ver()
 7 SYSTEMPATH\CodeIgniter.php(502): CodeIgniter\CodeIgniter->runController(Object(App\Controllers\Ventas))
 8 SYSTEMPATH\CodeIgniter.php(361): CodeIgniter\CodeIgniter->handleRequest(null, Object(Config\Cache), false)
 9 FCPATH\index.php(79): CodeIgniter\CodeIgniter->run()
CRITICAL - 2024-02-07 23:57:46 --> ErrorException: Array to string conversion
in APPPATH\Views\verVentas.php on line 48.
 1 APPPATH\Views\verVentas.php(48): CodeIgniter\Debug\Exceptions->errorHandler(2, 'Array to string conversion', 'C:\\xampp\\htdocs\\examenFinal\\app\\Views\\verVentas.php', 48)
 2 SYSTEMPATH\View\View.php(228): include('C:\\xampp\\htdocs\\examenFinal\\app\\Views\\verVentas.php')
 3 SYSTEMPATH\View\View.php(231): CodeIgniter\View\View->CodeIgniter\View\{closure}()
 4 SYSTEMPATH\Common.php(1178): CodeIgniter\View\View->render('verVentas', [], true)
 5 APPPATH\Controllers\Ventas.php(20): view('verVentas', [...])
 6 SYSTEMPATH\CodeIgniter.php(941): App\Controllers\Ventas->ver()
 7 SYSTEMPATH\CodeIgniter.php(502): CodeIgniter\CodeIgniter->runController(Object(App\Controllers\Ventas))
 8 SYSTEMPATH\CodeIgniter.php(361): CodeIgniter\CodeIgniter->handleRequest(null, Object(Config\Cache), false)
 9 FCPATH\index.php(79): CodeIgniter\CodeIgniter->run()
CRITICAL - 2024-02-07 23:57:47 --> ErrorException: Array to string conversion
in APPPATH\Views\verVentas.php on line 48.
 1 APPPATH\Views\verVentas.php(48): CodeIgniter\Debug\Exceptions->errorHandler(2, 'Array to string conversion', 'C:\\xampp\\htdocs\\examenFinal\\app\\Views\\verVentas.php', 48)
 2 SYSTEMPATH\View\View.php(228): include('C:\\xampp\\htdocs\\examenFinal\\app\\Views\\verVentas.php')
 3 SYSTEMPATH\View\View.php(231): CodeIgniter\View\View->CodeIgniter\View\{closure}()
 4 SYSTEMPATH\Common.php(1178): CodeIgniter\View\View->render('verVentas', [], true)
 5 APPPATH\Controllers\Ventas.php(20): view('verVentas', [...])
 6 SYSTEMPATH\CodeIgniter.php(941): App\Controllers\Ventas->ver()
 7 SYSTEMPATH\CodeIgniter.php(502): CodeIgniter\CodeIgniter->runController(Object(App\Controllers\Ventas))
 8 SYSTEMPATH\CodeIgniter.php(361): CodeIgniter\CodeIgniter->handleRequest(null, Object(Config\Cache), false)
 9 FCPATH\index.php(79): CodeIgniter\CodeIgniter->run()
CRITICAL - 2024-02-07 23:57:48 --> ErrorException: Array to string conversion
in APPPATH\Views\verVentas.php on line 48.
 1 APPPATH\Views\verVentas.php(48): CodeIgniter\Debug\Exceptions->errorHandler(2, 'Array to string conversion', 'C:\\xampp\\htdocs\\examenFinal\\app\\Views\\verVentas.php', 48)
 2 SYSTEMPATH\View\View.php(228): include('C:\\xampp\\htdocs\\examenFinal\\app\\Views\\verVentas.php')
 3 SYSTEMPATH\View\View.php(231): CodeIgniter\View\View->CodeIgniter\View\{closure}()
 4 SYSTEMPATH\Common.php(1178): CodeIgniter\View\View->render('verVentas', [], true)
 5 APPPATH\Controllers\Ventas.php(20): view('verVentas', [...])
 6 SYSTEMPATH\CodeIgniter.php(941): App\Controllers\Ventas->ver()
 7 SYSTEMPATH\CodeIgniter.php(502): CodeIgniter\CodeIgniter->runController(Object(App\Controllers\Ventas))
 8 SYSTEMPATH\CodeIgniter.php(361): CodeIgniter\CodeIgniter->handleRequest(null, Object(Config\Cache), false)
 9 FCPATH\index.php(79): CodeIgniter\CodeIgniter->run()
CRITICAL - 2024-02-07 23:58:02 --> ErrorException: Array to string conversion
in APPPATH\Views\verVentas.php on line 48.
 1 APPPATH\Views\verVentas.php(48): CodeIgniter\Debug\Exceptions->errorHandler(2, 'Array to string conversion', 'C:\\xampp\\htdocs\\examenFinal\\app\\Views\\verVentas.php', 48)
 2 SYSTEMPATH\View\View.php(228): include('C:\\xampp\\htdocs\\examenFinal\\app\\Views\\verVentas.php')
 3 SYSTEMPATH\View\View.php(231): CodeIgniter\View\View->CodeIgniter\View\{closure}()
 4 SYSTEMPATH\Common.php(1178): CodeIgniter\View\View->render('verVentas', [], true)
 5 APPPATH\Controllers\Ventas.php(20): view('verVentas', [...])
 6 SYSTEMPATH\CodeIgniter.php(941): App\Controllers\Ventas->ver()
 7 SYSTEMPATH\CodeIgniter.php(502): CodeIgniter\CodeIgniter->runController(Object(App\Controllers\Ventas))
 8 SYSTEMPATH\CodeIgniter.php(361): CodeIgniter\CodeIgniter->handleRequest(null, Object(Config\Cache), false)
 9 FCPATH\index.php(79): CodeIgniter\CodeIgniter->run()
CRITICAL - 2024-02-07 23:58:02 --> ErrorException: Array to string conversion
in APPPATH\Views\verVentas.php on line 48.
 1 APPPATH\Views\verVentas.php(48): CodeIgniter\Debug\Exceptions->errorHandler(2, 'Array to string conversion', 'C:\\xampp\\htdocs\\examenFinal\\app\\Views\\verVentas.php', 48)
 2 SYSTEMPATH\View\View.php(228): include('C:\\xampp\\htdocs\\examenFinal\\app\\Views\\verVentas.php')
 3 SYSTEMPATH\View\View.php(231): CodeIgniter\View\View->CodeIgniter\View\{closure}()
 4 SYSTEMPATH\Common.php(1178): CodeIgniter\View\View->render('verVentas', [], true)
 5 APPPATH\Controllers\Ventas.php(20): view('verVentas', [...])
 6 SYSTEMPATH\CodeIgniter.php(941): App\Controllers\Ventas->ver()
 7 SYSTEMPATH\CodeIgniter.php(502): CodeIgniter\CodeIgniter->runController(Object(App\Controllers\Ventas))
 8 SYSTEMPATH\CodeIgniter.php(361): CodeIgniter\CodeIgniter->handleRequest(null, Object(Config\Cache), false)
 9 FCPATH\index.php(79): CodeIgniter\CodeIgniter->run()
